C:\USERS\Администратор\DOCUMENTS\VISUAL STUDIO 2012\PROJECTS\GOLDREZSTRAFE-CPP\REZSTRAFE-CPP\DEBUG\OPTIONS.OBJ
C:\USERS\Администратор\DOCUMENTS\VISUAL STUDIO 2012\PROJECTS\GOLDREZSTRAFE-CPP\REZSTRAFE-CPP\DEBUG\MAIN.OBJ
C:\USERS\АДМИНИСТРАТОР\DOCUMENTS\VISUAL STUDIO 2012\PROJECTS\GOLDREZSTRAFE-CPP\REZSTRAFE-CPP\DEBUG\VC110.PDB
C:\USERS\Администратор\DOCUMENTS\VISUAL STUDIO 2012\PROJECTS\GOLDREZSTRAFE-CPP - копия\REZSTRAFE-CPP\DEBUG\OPTIONS.OBJ
C:\USERS\Администратор\DOCUMENTS\VISUAL STUDIO 2012\PROJECTS\GOLDREZSTRAFE-CPP - копия\REZSTRAFE-CPP\DEBUG\MAIN.OBJ
C:\USERS\АДМИНИСТРАТОР\DOCUMENTS\VISUAL STUDIO 2012\PROJECTS\GOLDREZSTRAFE-CPP - КОПИЯ\REZSTRAFE-CPP\DEBUG\VC110.PDB
C:\USERS\Администратор\DOCUMENTS\VISUAL STUDIO 2012\PROJECTS\GOLDREZSTRAFE-CPP\DEBUG\REZSTRAFE-CPP.ILK
C:\USERS\Администратор\DOCUMENTS\VISUAL STUDIO 2012\PROJECTS\GOLDREZSTRAFE-CPP\DEBUG\REZSTRAFE-CPP.EXE
C:\USERS\АДМИНИСТРАТОР\DOCUMENTS\VISUAL STUDIO 2012\PROJECTS\GOLDREZSTRAFE-CPP\DEBUG\REZSTRAFE-CPP.PDB
C:\USERS\Администратор\DOCUMENTS\VISUAL STUDIO 2012\PROJECTS\GOLDREZSTRAFE-CPP - копия\DEBUG\REZSTRAFE-CPP.ILK
C:\USERS\Администратор\DOCUMENTS\VISUAL STUDIO 2012\PROJECTS\GOLDREZSTRAFE-CPP - копия\DEBUG\REZSTRAFE-CPP.EXE
C:\USERS\АДМИНИСТРАТОР\DOCUMENTS\VISUAL STUDIO 2012\PROJECTS\GOLDREZSTRAFE-CPP - КОПИЯ\DEBUG\REZSTRAFE-CPP.PDB
C:\USERS\Администратор\DOCUMENTS\VISUAL STUDIO 2012\PROJECTS\GOLDREZSTRAFE-CPP\REZSTRAFE-CPP\DEBUG\RESOURCE.RES
C:\USERS\Администратор\DOCUMENTS\VISUAL STUDIO 2012\PROJECTS\GOLDREZSTRAFE-CPP - копия\REZSTRAFE-CPP\DEBUG\RESOURCE.RES
C:\Users\Администратор\Documents\Visual Studio 2012\Projects\goldRezStrafe-cpp\RezStrafe-cpp\Debug\RezStrafecpp.main.resources
C:\Users\Администратор\Documents\Visual Studio 2012\Projects\goldRezStrafe-cpp\RezStrafe-cpp\Debug\RezStrafecpp.options.resources
C:\Users\Администратор\Documents\Visual Studio 2012\Projects\goldRezStrafe-cpp - копия\RezStrafe-cpp\Debug\RezStrafecpp.main.resources
C:\Users\Администратор\Documents\Visual Studio 2012\Projects\goldRezStrafe-cpp - копия\RezStrafe-cpp\Debug\RezStrafecpp.options.resources
C:\Users\Администратор\Documents\Visual Studio 2012\Projects\goldRezStrafe-cpp - копия\RezStrafe-cpp\Debug\RezStrafe-cpp.vcxproj.GenerateResource.Cache
C:\Users\Администратор\Documents\Visual Studio 2012\Projects\goldRezStrafe-cpp - копия\RezStrafe-cpp\Debug\RezStrafe-cpp.vcxprojResolveAssemblyReference.cache
C:\Users\Администратор\Documents\Visual Studio 2012\Projects\goldRezStrafe-cpp - копия\RezStrafe-cpp\Debug\main.obj
C:\Users\Администратор\Documents\Visual Studio 2012\Projects\goldRezStrafe-cpp - копия\RezStrafe-cpp\Debug\options.obj
C:\Users\Администратор\Documents\Visual Studio 2012\Projects\goldRezStrafe-cpp - копия\RezStrafe-cpp\Debug\cl.command.1.tlog
C:\Users\Администратор\Documents\Visual Studio 2012\Projects\goldRezStrafe-cpp - копия\RezStrafe-cpp\Debug\CL.read.1.tlog
C:\Users\Администратор\Documents\Visual Studio 2012\Projects\goldRezStrafe-cpp - копия\RezStrafe-cpp\Debug\CL.write.1.tlog
C:\Users\Администратор\Documents\Visual Studio 2012\Projects\goldRezStrafe-cpp - копия\RezStrafe-cpp\Debug\link.1132-cvtres.read.1.tlog
C:\Users\Администратор\Documents\Visual Studio 2012\Projects\goldRezStrafe-cpp - копия\RezStrafe-cpp\Debug\link.1132-cvtres.write.1.tlog
C:\Users\Администратор\Documents\Visual Studio 2012\Projects\goldRezStrafe-cpp - копия\RezStrafe-cpp\Debug\link.1132-rc.read.1.tlog
C:\Users\Администратор\Documents\Visual Studio 2012\Projects\goldRezStrafe-cpp - копия\RezStrafe-cpp\Debug\link.1132-rc.write.1.tlog
C:\Users\Администратор\Documents\Visual Studio 2012\Projects\goldRezStrafe-cpp - копия\RezStrafe-cpp\Debug\link.1132.read.1.tlog
C:\Users\Администратор\Documents\Visual Studio 2012\Projects\goldRezStrafe-cpp - копия\RezStrafe-cpp\Debug\link.1132.write.1.tlog
C:\Users\Администратор\Documents\Visual Studio 2012\Projects\goldRezStrafe-cpp - копия\RezStrafe-cpp\Debug\link.1420-cvtres.read.1.tlog
C:\Users\Администратор\Documents\Visual Studio 2012\Projects\goldRezStrafe-cpp - копия\RezStrafe-cpp\Debug\link.1420-cvtres.write.1.tlog
C:\Users\Администратор\Documents\Visual Studio 2012\Projects\goldRezStrafe-cpp - копия\RezStrafe-cpp\Debug\link.1420-rc.read.1.tlog
C:\Users\Администратор\Documents\Visual Studio 2012\Projects\goldRezStrafe-cpp - копия\RezStrafe-cpp\Debug\link.1420-rc.write.1.tlog
C:\Users\Администратор\Documents\Visual Studio 2012\Projects\goldRezStrafe-cpp - копия\RezStrafe-cpp\Debug\link.1420.read.1.tlog
C:\Users\Администратор\Documents\Visual Studio 2012\Projects\goldRezStrafe-cpp - копия\RezStrafe-cpp\Debug\link.1420.write.1.tlog
C:\Users\Администратор\Documents\Visual Studio 2012\Projects\goldRezStrafe-cpp - копия\RezStrafe-cpp\Debug\link.1688-cvtres.read.1.tlog
C:\Users\Администратор\Documents\Visual Studio 2012\Projects\goldRezStrafe-cpp - копия\RezStrafe-cpp\Debug\link.1688-cvtres.write.1.tlog
C:\Users\Администратор\Documents\Visual Studio 2012\Projects\goldRezStrafe-cpp - копия\RezStrafe-cpp\Debug\link.1688-rc.read.1.tlog
C:\Users\Администратор\Documents\Visual Studio 2012\Projects\goldRezStrafe-cpp - копия\RezStrafe-cpp\Debug\link.1688-rc.write.1.tlog
C:\Users\Администратор\Documents\Visual Studio 2012\Projects\goldRezStrafe-cpp - копия\RezStrafe-cpp\Debug\link.1688.read.1.tlog
C:\Users\Администратор\Documents\Visual Studio 2012\Projects\goldRezStrafe-cpp - копия\RezStrafe-cpp\Debug\link.1688.write.1.tlog
C:\Users\Администратор\Documents\Visual Studio 2012\Projects\goldRezStrafe-cpp - копия\RezStrafe-cpp\Debug\link.2020-cvtres.read.1.tlog
C:\Users\Администратор\Documents\Visual Studio 2012\Projects\goldRezStrafe-cpp - копия\RezStrafe-cpp\Debug\link.2020-cvtres.write.1.tlog
C:\Users\Администратор\Documents\Visual Studio 2012\Projects\goldRezStrafe-cpp - копия\RezStrafe-cpp\Debug\link.2020-rc.read.1.tlog
C:\Users\Администратор\Documents\Visual Studio 2012\Projects\goldRezStrafe-cpp - копия\RezStrafe-cpp\Debug\link.2020-rc.write.1.tlog
C:\Users\Администратор\Documents\Visual Studio 2012\Projects\goldRezStrafe-cpp - копия\RezStrafe-cpp\Debug\link.2020.read.1.tlog
C:\Users\Администратор\Documents\Visual Studio 2012\Projects\goldRezStrafe-cpp - копия\RezStrafe-cpp\Debug\link.2020.write.1.tlog
C:\Users\Администратор\Documents\Visual Studio 2012\Projects\goldRezStrafe-cpp - копия\RezStrafe-cpp\Debug\link.2100-cvtres.read.1.tlog
C:\Users\Администратор\Documents\Visual Studio 2012\Projects\goldRezStrafe-cpp - копия\RezStrafe-cpp\Debug\link.2100-cvtres.write.1.tlog
C:\Users\Администратор\Documents\Visual Studio 2012\Projects\goldRezStrafe-cpp - копия\RezStrafe-cpp\Debug\link.2100-rc.read.1.tlog
C:\Users\Администратор\Documents\Visual Studio 2012\Projects\goldRezStrafe-cpp - копия\RezStrafe-cpp\Debug\link.2100-rc.write.1.tlog
C:\Users\Администратор\Documents\Visual Studio 2012\Projects\goldRezStrafe-cpp - копия\RezStrafe-cpp\Debug\link.2100.read.1.tlog
C:\Users\Администратор\Documents\Visual Studio 2012\Projects\goldRezStrafe-cpp - копия\RezStrafe-cpp\Debug\link.2100.write.1.tlog
C:\Users\Администратор\Documents\Visual Studio 2012\Projects\goldRezStrafe-cpp - копия\RezStrafe-cpp\Debug\link.2112-cvtres.read.1.tlog
C:\Users\Администратор\Documents\Visual Studio 2012\Projects\goldRezStrafe-cpp - копия\RezStrafe-cpp\Debug\link.2112-cvtres.write.1.tlog
C:\Users\Администратор\Documents\Visual Studio 2012\Projects\goldRezStrafe-cpp - копия\RezStrafe-cpp\Debug\link.2112-rc.read.1.tlog
C:\Users\Администратор\Documents\Visual Studio 2012\Projects\goldRezStrafe-cpp - копия\RezStrafe-cpp\Debug\link.2112-rc.write.1.tlog
C:\Users\Администратор\Documents\Visual Studio 2012\Projects\goldRezStrafe-cpp - копия\RezStrafe-cpp\Debug\link.2112.read.1.tlog
C:\Users\Администратор\Documents\Visual Studio 2012\Projects\goldRezStrafe-cpp - копия\RezStrafe-cpp\Debug\link.2112.write.1.tlog
C:\Users\Администратор\Documents\Visual Studio 2012\Projects\goldRezStrafe-cpp - копия\RezStrafe-cpp\Debug\link.2468-cvtres.read.1.tlog
C:\Users\Администратор\Documents\Visual Studio 2012\Projects\goldRezStrafe-cpp - копия\RezStrafe-cpp\Debug\link.2468-cvtres.write.1.tlog
C:\Users\Администратор\Documents\Visual Studio 2012\Projects\goldRezStrafe-cpp - копия\RezStrafe-cpp\Debug\link.2468-rc.read.1.tlog
C:\Users\Администратор\Documents\Visual Studio 2012\Projects\goldRezStrafe-cpp - копия\RezStrafe-cpp\Debug\link.2468-rc.write.1.tlog
C:\Users\Администратор\Documents\Visual Studio 2012\Projects\goldRezStrafe-cpp - копия\RezStrafe-cpp\Debug\link.2468.read.1.tlog
C:\Users\Администратор\Documents\Visual Studio 2012\Projects\goldRezStrafe-cpp - копия\RezStrafe-cpp\Debug\link.2468.write.1.tlog
C:\Users\Администратор\Documents\Visual Studio 2012\Projects\goldRezStrafe-cpp - копия\RezStrafe-cpp\Debug\link.2520-cvtres.read.1.tlog
C:\Users\Администратор\Documents\Visual Studio 2012\Projects\goldRezStrafe-cpp - копия\RezStrafe-cpp\Debug\link.2520-cvtres.write.1.tlog
C:\Users\Администратор\Documents\Visual Studio 2012\Projects\goldRezStrafe-cpp - копия\RezStrafe-cpp\Debug\link.2520-rc.read.1.tlog
C:\Users\Администратор\Documents\Visual Studio 2012\Projects\goldRezStrafe-cpp - копия\RezStrafe-cpp\Debug\link.2520-rc.write.1.tlog
C:\Users\Администратор\Documents\Visual Studio 2012\Projects\goldRezStrafe-cpp - копия\RezStrafe-cpp\Debug\link.2520.read.1.tlog
C:\Users\Администратор\Documents\Visual Studio 2012\Projects\goldRezStrafe-cpp - копия\RezStrafe-cpp\Debug\link.2520.write.1.tlog
C:\Users\Администратор\Documents\Visual Studio 2012\Projects\goldRezStrafe-cpp - копия\RezStrafe-cpp\Debug\link.2744-cvtres.read.1.tlog
C:\Users\Администратор\Documents\Visual Studio 2012\Projects\goldRezStrafe-cpp - копия\RezStrafe-cpp\Debug\link.2744-cvtres.write.1.tlog
C:\Users\Администратор\Documents\Visual Studio 2012\Projects\goldRezStrafe-cpp - копия\RezStrafe-cpp\Debug\link.2744-rc.read.1.tlog
C:\Users\Администратор\Documents\Visual Studio 2012\Projects\goldRezStrafe-cpp - копия\RezStrafe-cpp\Debug\link.2744-rc.write.1.tlog
C:\Users\Администратор\Documents\Visual Studio 2012\Projects\goldRezStrafe-cpp - копия\RezStrafe-cpp\Debug\link.2744.read.1.tlog
C:\Users\Администратор\Documents\Visual Studio 2012\Projects\goldRezStrafe-cpp - копия\RezStrafe-cpp\Debug\link.2744.write.1.tlog
C:\Users\Администратор\Documents\Visual Studio 2012\Projects\goldRezStrafe-cpp - копия\RezStrafe-cpp\Debug\link.3056-cvtres.read.1.tlog
C:\Users\Администратор\Documents\Visual Studio 2012\Projects\goldRezStrafe-cpp - копия\RezStrafe-cpp\Debug\link.3056-cvtres.write.1.tlog
C:\Users\Администратор\Documents\Visual Studio 2012\Projects\goldRezStrafe-cpp - копия\RezStrafe-cpp\Debug\link.3056-rc.read.1.tlog
C:\Users\Администратор\Documents\Visual Studio 2012\Projects\goldRezStrafe-cpp - копия\RezStrafe-cpp\Debug\link.3056-rc.write.1.tlog
C:\Users\Администратор\Documents\Visual Studio 2012\Projects\goldRezStrafe-cpp - копия\RezStrafe-cpp\Debug\link.3056.read.1.tlog
C:\Users\Администратор\Documents\Visual Studio 2012\Projects\goldRezStrafe-cpp - копия\RezStrafe-cpp\Debug\link.3056.write.1.tlog
C:\Users\Администратор\Documents\Visual Studio 2012\Projects\goldRezStrafe-cpp - копия\RezStrafe-cpp\Debug\link.3556-cvtres.read.1.tlog
C:\Users\Администратор\Documents\Visual Studio 2012\Projects\goldRezStrafe-cpp - копия\RezStrafe-cpp\Debug\link.3556-cvtres.write.1.tlog
C:\Users\Администратор\Documents\Visual Studio 2012\Projects\goldRezStrafe-cpp - копия\RezStrafe-cpp\Debug\link.3556-rc.read.1.tlog
C:\Users\Администратор\Documents\Visual Studio 2012\Projects\goldRezStrafe-cpp - копия\RezStrafe-cpp\Debug\link.3556-rc.write.1.tlog
C:\Users\Администратор\Documents\Visual Studio 2012\Projects\goldRezStrafe-cpp - копия\RezStrafe-cpp\Debug\link.3556.read.1.tlog
C:\Users\Администратор\Documents\Visual Studio 2012\Projects\goldRezStrafe-cpp - копия\RezStrafe-cpp\Debug\link.3556.write.1.tlog
C:\Users\Администратор\Documents\Visual Studio 2012\Projects\goldRezStrafe-cpp - копия\RezStrafe-cpp\Debug\link.3760-cvtres.read.1.tlog
C:\Users\Администратор\Documents\Visual Studio 2012\Projects\goldRezStrafe-cpp - копия\RezStrafe-cpp\Debug\link.3760-cvtres.write.1.tlog
C:\Users\Администратор\Documents\Visual Studio 2012\Projects\goldRezStrafe-cpp - копия\RezStrafe-cpp\Debug\link.3760-rc.read.1.tlog
C:\Users\Администратор\Documents\Visual Studio 2012\Projects\goldRezStrafe-cpp - копия\RezStrafe-cpp\Debug\link.3760-rc.write.1.tlog
C:\Users\Администратор\Documents\Visual Studio 2012\Projects\goldRezStrafe-cpp - копия\RezStrafe-cpp\Debug\link.3760.read.1.tlog
C:\Users\Администратор\Documents\Visual Studio 2012\Projects\goldRezStrafe-cpp - копия\RezStrafe-cpp\Debug\link.3760.write.1.tlog
C:\Users\Администратор\Documents\Visual Studio 2012\Projects\goldRezStrafe-cpp - копия\RezStrafe-cpp\Debug\link.4100-cvtres.read.1.tlog
C:\Users\Администратор\Documents\Visual Studio 2012\Projects\goldRezStrafe-cpp - копия\RezStrafe-cpp\Debug\link.4100-cvtres.write.1.tlog
C:\Users\Администратор\Documents\Visual Studio 2012\Projects\goldRezStrafe-cpp - копия\RezStrafe-cpp\Debug\link.4100-rc.read.1.tlog
C:\Users\Администратор\Documents\Visual Studio 2012\Projects\goldRezStrafe-cpp - копия\RezStrafe-cpp\Debug\link.4100-rc.write.1.tlog
C:\Users\Администратор\Documents\Visual Studio 2012\Projects\goldRezStrafe-cpp - копия\RezStrafe-cpp\Debug\link.4100.read.1.tlog
C:\Users\Администратор\Documents\Visual Studio 2012\Projects\goldRezStrafe-cpp - копия\RezStrafe-cpp\Debug\link.4100.write.1.tlog
C:\Users\Администратор\Documents\Visual Studio 2012\Projects\goldRezStrafe-cpp - копия\RezStrafe-cpp\Debug\link.command.1.tlog
C:\Users\Администратор\Documents\Visual Studio 2012\Projects\goldRezStrafe-cpp - копия\RezStrafe-cpp\Debug\link.read.1.tlog
C:\Users\Администратор\Documents\Visual Studio 2012\Projects\goldRezStrafe-cpp - копия\RezStrafe-cpp\Debug\link.write.1.tlog
C:\Users\Администратор\Documents\Visual Studio 2012\Projects\goldRezStrafe-cpp - копия\RezStrafe-cpp\Debug\metagen.read.1.tlog
C:\Users\Администратор\Documents\Visual Studio 2012\Projects\goldRezStrafe-cpp - копия\RezStrafe-cpp\Debug\metagen.write.1.tlog
C:\Users\Администратор\Documents\Visual Studio 2012\Projects\goldRezStrafe-cpp - копия\RezStrafe-cpp\Debug\rc.command.1.tlog
C:\Users\Администратор\Documents\Visual Studio 2012\Projects\goldRezStrafe-cpp - копия\RezStrafe-cpp\Debug\rc.read.1.tlog
C:\Users\Администратор\Documents\Visual Studio 2012\Projects\goldRezStrafe-cpp - копия\RezStrafe-cpp\Debug\rc.write.1.tlog
C:\Users\Администратор\Documents\Visual Studio 2012\Projects\goldRezStrafe-cpp - копия\RezStrafe-cpp\Debug\RezStrafe-cpp.write.1.tlog
C:\Users\Администратор\Documents\Visual Studio 2012\Projects\goldRezStrafe-cpp - копия\RezStrafe-cpp\Debug\Resource.res
C:\Users\Администратор\Documents\Visual Studio 2012\Projects\goldRezStrafe-cpp - копия\RezStrafe-cpp\Debug\vc110.pdb
C:\Users\Администратор\Documents\Visual Studio 2012\Projects\goldRezStrafe-cpp - копия\RezStrafe-cpp\Debug\RSAENH.DLL.bi
C:\Users\Администратор\Documents\Visual Studio 2012\Projects\goldRezStrafe-cpp - копия\RezStrafe-cpp\Debug\TZRES.DLL.bi
C:\Users\Администратор\Documents\Visual Studio 2012\Projects\goldRezStrafe-cpp - копия\Debug\RezStrafe-cpp.pdb
C:\Users\Администратор\Documents\Visual Studio 2012\Projects\goldRezStrafe-cpp - копия\Debug\RezStrafe-cpp.exe
C:\Users\Администратор\Documents\Visual Studio 2012\Projects\goldRezStrafe-cpp - копия\Debug\RezStrafe-cpp.ilk
