C:\REZSTRAFES\REZSTRAFE_CPP-V8.0-MASTER\SRC\REZSTRAFE-CPP\DEBUG\OPTIONS.OBJ
C:\REZSTRAFES\REZSTRAFE_CPP-V8.0-MASTER\SRC\REZSTRAFE-CPP\DEBUG\MAIN.OBJ
C:\REZSTRAFES\REZSTRAFE_CPP-V8.0-MASTER\SRC\REZSTRAFE-CPP\DEBUG\VC110.PDB
C:\REZSTRAFES\SOURCEREZSTRAFE_CPP-V1.0\SRC\REZSTRAFE-CPP\DEBUG\OPTIONS.OBJ
C:\REZSTRAFES\SOURCEREZSTRAFE_CPP-V1.0\SRC\REZSTRAFE-CPP\DEBUG\MAIN.OBJ
C:\REZSTRAFES\SOURCEREZSTRAFE_CPP-V1.0\SRC\REZSTRAFE-CPP\DEBUG\VC110.PDB
C:\REZSTRAFES\REZSTRAFE_CPP-V8.0-MASTER\SRC\DEBUG\REZSTRAFE-CPP.ILK
C:\REZSTRAFES\REZSTRAFE_CPP-V8.0-MASTER\SRC\DEBUG\REZSTRAFE-CPP.EXE
C:\REZSTRAFES\REZSTRAFE_CPP-V8.0-MASTER\SRC\DEBUG\REZSTRAFE-CPP.PDB
C:\REZSTRAFES\SOURCEREZSTRAFE_CPP-V1.0\SRC\DEBUG\REZSTRAFE-CPP.ILK
C:\REZSTRAFES\SOURCEREZSTRAFE_CPP-V1.0\SRC\DEBUG\REZSTRAFE-CPP.EXE
C:\REZSTRAFES\SOURCEREZSTRAFE_CPP-V1.0\SRC\DEBUG\REZSTRAFE-CPP.PDB
C:\REZSTRAFES\REZSTRAFE_CPP-V8.0-MASTER\SRC\REZSTRAFE-CPP\DEBUG\RESOURCE.RES
C:\REZSTRAFES\SOURCEREZSTRAFE_CPP-V1.0\SRC\REZSTRAFE-CPP\DEBUG\RESOURCE.RES
C:\rezstrafes\RezStrafe_cpp-v8.0-master\src\RezStrafe-cpp\Debug\RezStrafecpp.main.resources
C:\rezstrafes\RezStrafe_cpp-v8.0-master\src\RezStrafe-cpp\Debug\RezStrafecpp.options.resources
C:\rezstrafes\SourceRezStrafe_cpp-v1.0\src\RezStrafe-cpp\Debug\RezStrafecpp.main.resources
C:\rezstrafes\SourceRezStrafe_cpp-v1.0\src\RezStrafe-cpp\Debug\RezStrafecpp.options.resources
C:\rezstrafes\SourceRezStrafe_cpp-v1.0\src\RezStrafe-cpp\Debug\RezStrafe-cpp.vcxproj.GenerateResource.Cache
C:\rezstrafes\SourceRezStrafe_cpp-v1.0\src\RezStrafe-cpp\Debug\RezStrafe-cpp.vcxprojResolveAssemblyReference.cache
C:\rezstrafes\SourceRezStrafe_cpp-v1.0\src\RezStrafe-cpp\Debug\main.obj
C:\rezstrafes\SourceRezStrafe_cpp-v1.0\src\RezStrafe-cpp\Debug\options.obj
C:\rezstrafes\SourceRezStrafe_cpp-v1.0\src\RezStrafe-cpp\Debug\cl.command.1.tlog
C:\rezstrafes\SourceRezStrafe_cpp-v1.0\src\RezStrafe-cpp\Debug\CL.read.1.tlog
C:\rezstrafes\SourceRezStrafe_cpp-v1.0\src\RezStrafe-cpp\Debug\CL.write.1.tlog
C:\rezstrafes\SourceRezStrafe_cpp-v1.0\src\RezStrafe-cpp\Debug\link.1236-cvtres.read.1.tlog
C:\rezstrafes\SourceRezStrafe_cpp-v1.0\src\RezStrafe-cpp\Debug\link.1236-cvtres.write.1.tlog
C:\rezstrafes\SourceRezStrafe_cpp-v1.0\src\RezStrafe-cpp\Debug\link.1236-rc.read.1.tlog
C:\rezstrafes\SourceRezStrafe_cpp-v1.0\src\RezStrafe-cpp\Debug\link.1236-rc.write.1.tlog
C:\rezstrafes\SourceRezStrafe_cpp-v1.0\src\RezStrafe-cpp\Debug\link.1236.read.1.tlog
C:\rezstrafes\SourceRezStrafe_cpp-v1.0\src\RezStrafe-cpp\Debug\link.1236.write.1.tlog
C:\rezstrafes\SourceRezStrafe_cpp-v1.0\src\RezStrafe-cpp\Debug\link.1544-cvtres.read.1.tlog
C:\rezstrafes\SourceRezStrafe_cpp-v1.0\src\RezStrafe-cpp\Debug\link.1544-cvtres.write.1.tlog
C:\rezstrafes\SourceRezStrafe_cpp-v1.0\src\RezStrafe-cpp\Debug\link.1544-rc.read.1.tlog
C:\rezstrafes\SourceRezStrafe_cpp-v1.0\src\RezStrafe-cpp\Debug\link.1544-rc.write.1.tlog
C:\rezstrafes\SourceRezStrafe_cpp-v1.0\src\RezStrafe-cpp\Debug\link.1544.read.1.tlog
C:\rezstrafes\SourceRezStrafe_cpp-v1.0\src\RezStrafe-cpp\Debug\link.1544.write.1.tlog
C:\rezstrafes\SourceRezStrafe_cpp-v1.0\src\RezStrafe-cpp\Debug\link.1652-cvtres.read.1.tlog
C:\rezstrafes\SourceRezStrafe_cpp-v1.0\src\RezStrafe-cpp\Debug\link.1652-cvtres.write.1.tlog
C:\rezstrafes\SourceRezStrafe_cpp-v1.0\src\RezStrafe-cpp\Debug\link.1652-rc.read.1.tlog
C:\rezstrafes\SourceRezStrafe_cpp-v1.0\src\RezStrafe-cpp\Debug\link.1652-rc.write.1.tlog
C:\rezstrafes\SourceRezStrafe_cpp-v1.0\src\RezStrafe-cpp\Debug\link.1652.read.1.tlog
C:\rezstrafes\SourceRezStrafe_cpp-v1.0\src\RezStrafe-cpp\Debug\link.1652.write.1.tlog
C:\rezstrafes\SourceRezStrafe_cpp-v1.0\src\RezStrafe-cpp\Debug\link.2304-cvtres.read.1.tlog
C:\rezstrafes\SourceRezStrafe_cpp-v1.0\src\RezStrafe-cpp\Debug\link.2304-cvtres.write.1.tlog
C:\rezstrafes\SourceRezStrafe_cpp-v1.0\src\RezStrafe-cpp\Debug\link.2304-rc.read.1.tlog
C:\rezstrafes\SourceRezStrafe_cpp-v1.0\src\RezStrafe-cpp\Debug\link.2304-rc.write.1.tlog
C:\rezstrafes\SourceRezStrafe_cpp-v1.0\src\RezStrafe-cpp\Debug\link.2304.read.1.tlog
C:\rezstrafes\SourceRezStrafe_cpp-v1.0\src\RezStrafe-cpp\Debug\link.2304.write.1.tlog
C:\rezstrafes\SourceRezStrafe_cpp-v1.0\src\RezStrafe-cpp\Debug\link.2508-cvtres.read.1.tlog
C:\rezstrafes\SourceRezStrafe_cpp-v1.0\src\RezStrafe-cpp\Debug\link.2508-cvtres.write.1.tlog
C:\rezstrafes\SourceRezStrafe_cpp-v1.0\src\RezStrafe-cpp\Debug\link.2508-rc.read.1.tlog
C:\rezstrafes\SourceRezStrafe_cpp-v1.0\src\RezStrafe-cpp\Debug\link.2508-rc.write.1.tlog
C:\rezstrafes\SourceRezStrafe_cpp-v1.0\src\RezStrafe-cpp\Debug\link.2508.read.1.tlog
C:\rezstrafes\SourceRezStrafe_cpp-v1.0\src\RezStrafe-cpp\Debug\link.2508.write.1.tlog
C:\rezstrafes\SourceRezStrafe_cpp-v1.0\src\RezStrafe-cpp\Debug\link.2848-cvtres.read.1.tlog
C:\rezstrafes\SourceRezStrafe_cpp-v1.0\src\RezStrafe-cpp\Debug\link.2848-cvtres.write.1.tlog
C:\rezstrafes\SourceRezStrafe_cpp-v1.0\src\RezStrafe-cpp\Debug\link.2848-rc.read.1.tlog
C:\rezstrafes\SourceRezStrafe_cpp-v1.0\src\RezStrafe-cpp\Debug\link.2848-rc.write.1.tlog
C:\rezstrafes\SourceRezStrafe_cpp-v1.0\src\RezStrafe-cpp\Debug\link.2848.read.1.tlog
C:\rezstrafes\SourceRezStrafe_cpp-v1.0\src\RezStrafe-cpp\Debug\link.2848.write.1.tlog
C:\rezstrafes\SourceRezStrafe_cpp-v1.0\src\RezStrafe-cpp\Debug\link.3096-cvtres.read.1.tlog
C:\rezstrafes\SourceRezStrafe_cpp-v1.0\src\RezStrafe-cpp\Debug\link.3096-cvtres.write.1.tlog
C:\rezstrafes\SourceRezStrafe_cpp-v1.0\src\RezStrafe-cpp\Debug\link.3096-rc.read.1.tlog
C:\rezstrafes\SourceRezStrafe_cpp-v1.0\src\RezStrafe-cpp\Debug\link.3096-rc.write.1.tlog
C:\rezstrafes\SourceRezStrafe_cpp-v1.0\src\RezStrafe-cpp\Debug\link.3096.read.1.tlog
C:\rezstrafes\SourceRezStrafe_cpp-v1.0\src\RezStrafe-cpp\Debug\link.3096.write.1.tlog
C:\rezstrafes\SourceRezStrafe_cpp-v1.0\src\RezStrafe-cpp\Debug\link.3272-cvtres.read.1.tlog
C:\rezstrafes\SourceRezStrafe_cpp-v1.0\src\RezStrafe-cpp\Debug\link.3272-cvtres.write.1.tlog
C:\rezstrafes\SourceRezStrafe_cpp-v1.0\src\RezStrafe-cpp\Debug\link.3272-rc.read.1.tlog
C:\rezstrafes\SourceRezStrafe_cpp-v1.0\src\RezStrafe-cpp\Debug\link.3272-rc.write.1.tlog
C:\rezstrafes\SourceRezStrafe_cpp-v1.0\src\RezStrafe-cpp\Debug\link.3272.read.1.tlog
C:\rezstrafes\SourceRezStrafe_cpp-v1.0\src\RezStrafe-cpp\Debug\link.3272.write.1.tlog
C:\rezstrafes\SourceRezStrafe_cpp-v1.0\src\RezStrafe-cpp\Debug\link.4112-cvtres.read.1.tlog
C:\rezstrafes\SourceRezStrafe_cpp-v1.0\src\RezStrafe-cpp\Debug\link.4112-cvtres.write.1.tlog
C:\rezstrafes\SourceRezStrafe_cpp-v1.0\src\RezStrafe-cpp\Debug\link.4112-rc.read.1.tlog
C:\rezstrafes\SourceRezStrafe_cpp-v1.0\src\RezStrafe-cpp\Debug\link.4112-rc.write.1.tlog
C:\rezstrafes\SourceRezStrafe_cpp-v1.0\src\RezStrafe-cpp\Debug\link.4112.read.1.tlog
C:\rezstrafes\SourceRezStrafe_cpp-v1.0\src\RezStrafe-cpp\Debug\link.4112.write.1.tlog
C:\rezstrafes\SourceRezStrafe_cpp-v1.0\src\RezStrafe-cpp\Debug\link.4216-cvtres.read.1.tlog
C:\rezstrafes\SourceRezStrafe_cpp-v1.0\src\RezStrafe-cpp\Debug\link.4216-cvtres.write.1.tlog
C:\rezstrafes\SourceRezStrafe_cpp-v1.0\src\RezStrafe-cpp\Debug\link.4216-rc.read.1.tlog
C:\rezstrafes\SourceRezStrafe_cpp-v1.0\src\RezStrafe-cpp\Debug\link.4216-rc.write.1.tlog
C:\rezstrafes\SourceRezStrafe_cpp-v1.0\src\RezStrafe-cpp\Debug\link.4216.read.1.tlog
C:\rezstrafes\SourceRezStrafe_cpp-v1.0\src\RezStrafe-cpp\Debug\link.4216.write.1.tlog
C:\rezstrafes\SourceRezStrafe_cpp-v1.0\src\RezStrafe-cpp\Debug\link.4424-cvtres.read.1.tlog
C:\rezstrafes\SourceRezStrafe_cpp-v1.0\src\RezStrafe-cpp\Debug\link.4424-cvtres.write.1.tlog
C:\rezstrafes\SourceRezStrafe_cpp-v1.0\src\RezStrafe-cpp\Debug\link.4424-rc.read.1.tlog
C:\rezstrafes\SourceRezStrafe_cpp-v1.0\src\RezStrafe-cpp\Debug\link.4424-rc.write.1.tlog
C:\rezstrafes\SourceRezStrafe_cpp-v1.0\src\RezStrafe-cpp\Debug\link.4424.read.1.tlog
C:\rezstrafes\SourceRezStrafe_cpp-v1.0\src\RezStrafe-cpp\Debug\link.4424.write.1.tlog
C:\rezstrafes\SourceRezStrafe_cpp-v1.0\src\RezStrafe-cpp\Debug\link.4772-cvtres.read.1.tlog
C:\rezstrafes\SourceRezStrafe_cpp-v1.0\src\RezStrafe-cpp\Debug\link.4772-cvtres.write.1.tlog
C:\rezstrafes\SourceRezStrafe_cpp-v1.0\src\RezStrafe-cpp\Debug\link.4772-rc.read.1.tlog
C:\rezstrafes\SourceRezStrafe_cpp-v1.0\src\RezStrafe-cpp\Debug\link.4772-rc.write.1.tlog
C:\rezstrafes\SourceRezStrafe_cpp-v1.0\src\RezStrafe-cpp\Debug\link.4772.read.1.tlog
C:\rezstrafes\SourceRezStrafe_cpp-v1.0\src\RezStrafe-cpp\Debug\link.4772.write.1.tlog
C:\rezstrafes\SourceRezStrafe_cpp-v1.0\src\RezStrafe-cpp\Debug\link.5904-cvtres.read.1.tlog
C:\rezstrafes\SourceRezStrafe_cpp-v1.0\src\RezStrafe-cpp\Debug\link.5904-cvtres.write.1.tlog
C:\rezstrafes\SourceRezStrafe_cpp-v1.0\src\RezStrafe-cpp\Debug\link.5904-rc.read.1.tlog
C:\rezstrafes\SourceRezStrafe_cpp-v1.0\src\RezStrafe-cpp\Debug\link.5904-rc.write.1.tlog
C:\rezstrafes\SourceRezStrafe_cpp-v1.0\src\RezStrafe-cpp\Debug\link.5904.read.1.tlog
C:\rezstrafes\SourceRezStrafe_cpp-v1.0\src\RezStrafe-cpp\Debug\link.5904.write.1.tlog
C:\rezstrafes\SourceRezStrafe_cpp-v1.0\src\RezStrafe-cpp\Debug\link.command.1.tlog
C:\rezstrafes\SourceRezStrafe_cpp-v1.0\src\RezStrafe-cpp\Debug\link.read.1.tlog
C:\rezstrafes\SourceRezStrafe_cpp-v1.0\src\RezStrafe-cpp\Debug\link.write.1.tlog
C:\rezstrafes\SourceRezStrafe_cpp-v1.0\src\RezStrafe-cpp\Debug\metagen.read.1.tlog
C:\rezstrafes\SourceRezStrafe_cpp-v1.0\src\RezStrafe-cpp\Debug\metagen.write.1.tlog
C:\rezstrafes\SourceRezStrafe_cpp-v1.0\src\RezStrafe-cpp\Debug\rc.command.1.tlog
C:\rezstrafes\SourceRezStrafe_cpp-v1.0\src\RezStrafe-cpp\Debug\rc.read.1.tlog
C:\rezstrafes\SourceRezStrafe_cpp-v1.0\src\RezStrafe-cpp\Debug\rc.write.1.tlog
C:\rezstrafes\SourceRezStrafe_cpp-v1.0\src\RezStrafe-cpp\Debug\RezStrafe-cpp.write.1.tlog
C:\rezstrafes\SourceRezStrafe_cpp-v1.0\src\RezStrafe-cpp\Debug\Resource.res
C:\rezstrafes\SourceRezStrafe_cpp-v1.0\src\RezStrafe-cpp\Debug\vc110.pdb
C:\rezstrafes\SourceRezStrafe_cpp-v1.0\src\RezStrafe-cpp\Debug\RSAENH.DLL.bi
C:\rezstrafes\SourceRezStrafe_cpp-v1.0\src\RezStrafe-cpp\Debug\TZRES.DLL.bi
C:\rezstrafes\SourceRezStrafe_cpp-v1.0\src\Debug\RezStrafe-cpp.pdb
C:\rezstrafes\SourceRezStrafe_cpp-v1.0\src\Debug\RezStrafe-cpp.exe
C:\rezstrafes\SourceRezStrafe_cpp-v1.0\src\Debug\RezStrafe-cpp.ilk
